<?xml version="1.0" encoding="UTF-8"?>
<!-- Generated by org.testng.reporters.JUnitXMLReporter -->
<testsuite ignored="0" hostname="duster" failures="0" tests="3" name="SmokeTest" time="27.89" errors="0" timestamp="2024-07-09T18:07:50 IST">
  <testcase classname="testcases.SmokeTestCases" name="smoke" time="3.545"/>
  <testcase classname="testcases.SmokeTestCases" name="smoke" time="2.678"/>
  <testcase classname="testcases.SmokeTestCases" name="smoke" time="3.401"/>
</testsuite> <!-- SmokeTest -->
