<?xml version="1.0" encoding="UTF-8"?>
<testng-results ignored="0" total="1" passed="1" failed="0" skipped="0">
  <reporter-output>
  </reporter-output>
  <suite started-at="2024-07-08T18:59:58 IST" name="suite" finished-at="2024-07-08T19:00:20 IST" duration-ms="21882">
    <groups>
      <group name="smoke">
        <method signature="SmokeTestCases.smoke()[pri:0, instance:testcases.SmokeTestCases@350aac89]" name="smoke" class="testcases.SmokeTestCases"/>
      </group> <!-- smoke -->
    </groups>
    <test started-at="2024-07-08T18:59:58 IST" name="SmokeTest" finished-at="2024-07-08T19:00:20 IST" duration-ms="21846">
      <class name="testcases.SmokeTestCases">
        <test-method is-config="true" signature="launchApplication()[pri:0, instance:testcases.SmokeTestCases@350aac89]" started-at="2024-07-08T18:59:58 IST" name="launchApplication" finished-at="2024-07-08T19:00:17 IST" duration-ms="18976" status="PASS">
          <reporter-output>
          </reporter-output>
        </test-method> <!-- launchApplication -->
        <test-method signature="smoke()[pri:0, instance:testcases.SmokeTestCases@350aac89]" started-at="2024-07-08T19:00:17 IST" name="smoke" finished-at="2024-07-08T19:00:19 IST" duration-ms="1593" status="PASS">
          <reporter-output>
          </reporter-output>
        </test-method> <!-- smoke -->
        <test-method is-config="true" signature="quit()[pri:0, instance:testcases.SmokeTestCases@350aac89]" started-at="2024-07-08T19:00:19 IST" name="quit" finished-at="2024-07-08T19:00:20 IST" duration-ms="1114" status="PASS">
          <reporter-output>
          </reporter-output>
        </test-method> <!-- quit -->
      </class> <!-- testcases.SmokeTestCases -->
    </test> <!-- SmokeTest -->
    <test started-at="2024-07-08T19:00:20 IST" name="XaaSFlow" finished-at="2024-07-08T19:00:20 IST" duration-ms="1">
    </test> <!-- XaaSFlow -->
  </suite> <!-- suite -->
</testng-results>
