<?xml version="1.0" encoding="UTF-8"?>
<testng-results ignored="0" total="3" passed="3" failed="0" skipped="0">
  <reporter-output>
  </reporter-output>
  <suite started-at="2024-07-09T18:07:22 IST" name="suite" finished-at="2024-07-09T18:07:50 IST" duration-ms="27891">
    <groups>
      <group name="smoke">
        <method signature="SmokeTestCases.smoke(java.util.HashMap)[pri:0, instance:testcases.SmokeTestCases@16eb3ea3]" name="smoke" class="testcases.SmokeTestCases"/>
      </group> <!-- smoke -->
    </groups>
    <test started-at="2024-07-09T18:07:22 IST" name="XaaSFlow" finished-at="2024-07-09T18:07:22 IST" duration-ms="29">
    </test> <!-- XaaSFlow -->
    <test started-at="2024-07-09T18:07:22 IST" name="SmokeTest" finished-at="2024-07-09T18:07:50 IST" duration-ms="27890">
      <class name="testcases.SmokeTestCases">
        <test-method is-config="true" signature="launchApplication()[pri:0, instance:testcases.SmokeTestCases@16eb3ea3]" started-at="2024-07-09T18:07:23 IST" name="launchApplication" finished-at="2024-07-09T18:07:30 IST" duration-ms="7530" status="PASS">
          <reporter-output>
          </reporter-output>
        </test-method> <!-- launchApplication -->
        <test-method signature="smoke(java.util.HashMap)[pri:0, instance:testcases.SmokeTestCases@16eb3ea3]" started-at="2024-07-09T18:07:30 IST" name="smoke" data-provider="getdata" finished-at="2024-07-09T18:07:34 IST" duration-ms="3545" status="PASS">
          <params>
            <param index="0">
              <value>
                <![CDATA[{password=Corent@123$#, email=saivignesh@corenttech.com}]]>
              </value>
            </param>
          </params>
          <reporter-output>
          </reporter-output>
        </test-method> <!-- smoke -->
        <test-method is-config="true" signature="quit()[pri:0, instance:testcases.SmokeTestCases@16eb3ea3]" started-at="2024-07-09T18:07:34 IST" name="quit" finished-at="2024-07-09T18:07:34 IST" duration-ms="390" status="PASS">
          <reporter-output>
          </reporter-output>
        </test-method> <!-- quit -->
        <test-method is-config="true" signature="launchApplication()[pri:0, instance:testcases.SmokeTestCases@16eb3ea3]" started-at="2024-07-09T18:07:34 IST" name="launchApplication" finished-at="2024-07-09T18:07:38 IST" duration-ms="3884" status="PASS">
          <reporter-output>
          </reporter-output>
        </test-method> <!-- launchApplication -->
        <test-method signature="smoke(java.util.HashMap)[pri:0, instance:testcases.SmokeTestCases@16eb3ea3]" started-at="2024-07-09T18:07:38 IST" name="smoke" data-provider="getdata" finished-at="2024-07-09T18:07:41 IST" duration-ms="2678" status="PASS">
          <params>
            <param index="0">
              <value>
                <![CDATA[{password=Corent@123$#, email=egilbert@corenttech.com}]]>
              </value>
            </param>
          </params>
          <reporter-output>
          </reporter-output>
        </test-method> <!-- smoke -->
        <test-method is-config="true" signature="quit()[pri:0, instance:testcases.SmokeTestCases@16eb3ea3]" started-at="2024-07-09T18:07:41 IST" name="quit" finished-at="2024-07-09T18:07:41 IST" duration-ms="496" status="PASS">
          <reporter-output>
          </reporter-output>
        </test-method> <!-- quit -->
        <test-method is-config="true" signature="launchApplication()[pri:0, instance:testcases.SmokeTestCases@16eb3ea3]" started-at="2024-07-09T18:07:41 IST" name="launchApplication" finished-at="2024-07-09T18:07:45 IST" duration-ms="3272" status="PASS">
          <reporter-output>
          </reporter-output>
        </test-method> <!-- launchApplication -->
        <test-method signature="smoke(java.util.HashMap)[pri:0, instance:testcases.SmokeTestCases@16eb3ea3]" started-at="2024-07-09T18:07:45 IST" name="smoke" data-provider="getdata" finished-at="2024-07-09T18:07:48 IST" duration-ms="3401" status="PASS">
          <params>
            <param index="0">
              <value>
                <![CDATA[{password=Corent@123$#, email=gparthasarathy.com}]]>
              </value>
            </param>
          </params>
          <reporter-output>
          </reporter-output>
        </test-method> <!-- smoke -->
        <test-method is-config="true" signature="quit()[pri:0, instance:testcases.SmokeTestCases@16eb3ea3]" started-at="2024-07-09T18:07:48 IST" name="quit" finished-at="2024-07-09T18:07:50 IST" duration-ms="2077" status="PASS">
          <reporter-output>
          </reporter-output>
        </test-method> <!-- quit -->
      </class> <!-- testcases.SmokeTestCases -->
    </test> <!-- SmokeTest -->
  </suite> <!-- suite -->
</testng-results>
